#
# A fatal error has been detected by the Java Runtime Environment:
#
#  SIGBUS (0xa) at pc=0x0000000121e0af98, pid=1457, tid=0x000000000001761f
#
# JRE version: OpenJDK Runtime Environment (8.0_242) (build 1.8.0_242-release-1644-b3-6915495)
# Java VM: OpenJDK 64-Bit Server VM (25.242-b3-6915495 mixed mode bsd-amd64 compressed oops)
# Problematic frame:
# J 22495 C1 com.android.tools.r8.ir.conversion.N.h(I)Lcom/android/tools/r8/ir/conversion/N$b; (398 bytes) @ 0x0000000121e0af98 [0x0000000121e0a7c0+0x7d8]
#
# Failed to write core dump. Core dumps have been disabled. To enable core dumping, try "ulimit -c unlimited" before starting Java again
#
# If you would like to submit a bug report, please visit:
#   http://bugreport.java.com/bugreport/crash.jsp
#

---------------  T H R E A D  ---------------

Current thread (0x00007f83fe183000):  JavaThread "Daemon worker Thread 5" [_thread_in_Java, id=95775, stack(0x000070000f040000,0x000070000f140000)]

siginfo: si_signo: 10 (SIGBUS), si_code: 2 (BUS_ADRERR), si_addr: 0x0000000111d7c9db

Registers:
RAX=0x000000079893b6b0, RBX=0x000000079893ae70, RCX=0x0000000000000000, RDX=0x0000000003cc49db
RSP=0x000070000f137d90, RBP=0x00000000f8167f2d, RSI=0x0000000740002510, RDI=0x000000079893b6c0
R8 =0x0000000000000011, R9 =0x000000000000000f, R10=0x00000000e801d95e, R11=0x000000079893b698
R12=0x0000000000000000, R13=0x000000010e0b8000, R14=0x000000079893b6b0, R15=0x00007f83fe183000
RIP=0x0000000121e0af98, EFLAGS=0x0000000000010206, ERR=0x0000000000000006
  TRAPNO=0x000000000000000e

Top of Stack: (sp=0x000070000f137d90)
0x000070000f137d90:   00000007400007c8 0000000121df4a1c
0x000070000f137da0:   0000000000000315 00000001221943ec
0x000070000f137db0:   0000000798939ab0 0000000c0000000b
0x000070000f137dc0:   0000000000000315 0000000122508174
0x000070000f137dd0:   0000000798939a78 00000001213e2914
0x000070000f137de0:   0000000798939b28 000000011e720b6d
0x000070000f137df0:   0000000798939468 0000000000000001
0x000070000f137e00:   000000079893a8b8 000000079893a8f0
0x000070000f137e10:   000000079893b2c0 0000000700000013
0x000070000f137e20:   00007f83fe183000 000000079893aad8
0x000070000f137e30:   0000000000000315 0000000f00000011
0x000070000f137e40:   000000079893a7b8 000000070000000d
0x000070000f137e50:   000000079893b498 000000079893ae70
0x000070000f137e60:   000000079893a840 000000079893b628
0x000070000f137e70:   000000010e2b8000 000000079893b680
0x000070000f137e80:   00007f8300000000 00007f83fe183000
0x000070000f137e90:   000000011e18bd30 000070000f137ee0
0x000070000f137ea0:   000070000f137ef0 000000011ecbb1ff
0x000070000f137eb0:   0000000000000315 000000079893b248
0x000070000f137ec0:   0000000000000315 0000000121e31ce4
0x000070000f137ed0:   00000000f8167f2d 0000000121ccfe68
0x000070000f137ee0:   000000079893a7b8 0000000f0000000e
0x000070000f137ef0:   00000007c0042028 00000007b70626f0
0x000070000f137f00:   000000079893b450 000000079893a7b8
0x000070000f137f10:   00000007c0010ef0 00000007c0bca988
0x000070000f137f20:   0000000798939ff8 000000010000000e
0x000070000f137f30:   0000001100000000 0000000121e6bf34
0x000070000f137f40:   00000007ffffffff 000000079893b1c8
0x000070000f137f50:   000000079893a8b8 000000079893ac68
0x000070000f137f60:   0000000000000315 000000011efd251c
0x000070000f137f70:   0000000000000315 0000000121ced1fc
0x000070000f137f80:   0000000000000315 0000000121eff554 

Instructions: (pc=0x0000000121e0af98)
0x0000000121e0af78:   c9 4c 8b f0 4d 8b d5 49 c1 ea 03 45 89 56 0c 49
0x0000000121e0af88:   8b d6 48 c1 ea 09 49 bd 00 80 2b 0e 01 00 00 00
0x0000000121e0af98:   42 c6 04 2a 00 bb 01 00 00 00 48 ba 08 0b 00 c0
0x0000000121e0afa8:   07 00 00 00 48 63 db 48 8b fb 48 81 fb ff ff ff 

Register to memory mapping:

RAX=0x000000079893b6b0 is an oop
java.util.Collections$SingletonSet 
 - klass: 'java/util/Collections$SingletonSet'
RBX=0x000000079893ae70 is an oop
com.android.tools.r8.ir.conversion.N$b 
 - klass: 'com/android/tools/r8/ir/conversion/N$b'
RCX=0x0000000000000000 is an unknown value
RDX=0x0000000003cc49db is an unknown value
RSP=0x000070000f137d90 is pointing into the stack for thread: 0x00007f83fe183000
RBP=0x00000000f8167f2d is an unknown value
RSI=0x0000000740002510 is an oop
[Ljava.lang.Integer; 
 - klass: 'java/lang/Integer'[]
 - length: 256
RDI=0x000000079893b6c0 is an oop
